kiwi-desktop/src-tauri/gen/android/app/build/outputs/mapping/universalRelease/seeds.txt
com.kiwi.mainboard.Logger
com.kiwi.mainboard.R
com.kiwi.mainboard.WryActivity$Companion
com.kiwi.mainboard.MainActivity
com.kiwi.mainboard.WryActivity$setWebView$callback$1
com.kiwi.mainboard.BuildConfig
com.kiwi.mainboard.RustWebViewClient$Companion
com.kiwi.mainboard.PermissionHelper
com.kiwi.mainboard.RustWebViewClient
com.kiwi.mainboard.R$layout
com.kiwi.mainboard.RustWebView
com.kiwi.mainboard.R$drawable
com.kiwi.mainboard.RustWebChromeClient$PermissionListener
com.kiwi.mainboard.R$xml
com.kiwi.mainboard.TauriActivity
com.kiwi.mainboard.WryActivity
com.kiwi.mainboard.RustWebChromeClient$showImageCapturePicker$1
com.kiwi.mainboard.RustWebChromeClient
com.kiwi.mainboard.Ipc$Companion
com.kiwi.mainboard.RustWebChromeClient$showVideoCapturePicker$1
com.kiwi.mainboard.R$color
com.kiwi.mainboard.Logger$Companion
com.kiwi.mainboard.R$string
com.kiwi.mainboard.RustWebChromeClient$onShowFileChooser$1
com.kiwi.mainboard.R$mipmap
com.kiwi.mainboard.R$style
com.kiwi.mainboard.RustWebChromeClient$ActivityResultListener
com.kiwi.mainboard.Ipc
com.kiwi.mainboard.RustWebChromeClient$onPermissionRequest$1
com.kiwi.mainboard.RustWebChromeClient$onGeolocationPermissionsShowPrompt$1
com.kiwi.mainboard.RustWebChromeClient$showFilePicker$1
com.kiwi.mainboard.WryActivity: void save()
com.kiwi.mainboard.WryActivity: void setWebView(com.kiwi.mainboard.RustWebView)
com.kiwi.mainboard.RustWebView: void evalScript(int,java.lang.String)
com.kiwi.mainboard.RustWebViewClient: android.webkit.WebResourceResponse handleRequest(java.lang.String,android.webkit.WebResourceRequest,boolean)
com.kiwi.mainboard.WryActivity: void memory()
com.kiwi.mainboard.WryActivity: void stop()
com.kiwi.mainboard.WryActivity: void start()
com.kiwi.mainboard.RustWebView: void loadUrlMainThread(java.lang.String,java.util.Map)
com.kiwi.mainboard.RustWebViewClient: boolean shouldOverride(java.lang.String)
com.kiwi.mainboard.RustWebViewClient: boolean withAssetLoader()
com.kiwi.mainboard.RustWebViewClient: void onPageLoading(java.lang.String)
com.kiwi.mainboard.RustWebView: void onEval(int,java.lang.String)
com.kiwi.mainboard.RustWebChromeClient: RustWebChromeClient(com.kiwi.mainboard.WryActivity)
com.kiwi.mainboard.WryActivity: void focus(boolean)
com.kiwi.mainboard.WryActivity: void destroy()
com.kiwi.mainboard.Ipc: void postMessage(java.lang.String)
com.kiwi.mainboard.RustWebView: void loadUrlMainThread(java.lang.String)
com.kiwi.mainboard.RustWebViewClient: RustWebViewClient(android.content.Context)
com.kiwi.mainboard.WryActivity: WryActivity()
com.kiwi.mainboard.WryActivity: void create(com.kiwi.mainboard.WryActivity)
com.kiwi.mainboard.RustWebView: void loadHTMLMainThread(java.lang.String)
com.kiwi.mainboard.RustWebChromeClient: void handleReceivedTitle(android.webkit.WebView,java.lang.String)
com.kiwi.mainboard.RustWebViewClient: java.lang.String assetLoaderDomain()
com.kiwi.mainboard.Ipc: void ipc(java.lang.String,java.lang.String)
com.kiwi.mainboard.RustWebViewClient: void onPageLoaded(java.lang.String)
com.kiwi.mainboard.RustWebView: RustWebView(android.content.Context,java.lang.String[],java.lang.String)
com.kiwi.mainboard.WryActivity: java.lang.Class getAppClass(java.lang.String)
com.kiwi.mainboard.RustWebView: java.lang.String[] getInitScripts()
com.kiwi.mainboard.WryActivity: void onActivityDestroy()
com.kiwi.mainboard.RustWebView: java.lang.String getId()
com.kiwi.mainboard.RustWebView: boolean shouldOverride(java.lang.String)
com.kiwi.mainboard.Ipc: Ipc(com.kiwi.mainboard.RustWebViewClient)
com.kiwi.mainboard.MainActivity: MainActivity()
com.kiwi.mainboard.WryActivity: java.lang.String getVersion()
com.kiwi.mainboard.WryActivity: void resume()
com.kiwi.mainboard.TauriActivity: app.tauri.plugin.PluginManager getPluginManager()
com.kiwi.mainboard.WryActivity: void pause()
...
androidx.appcompat.widget.AppCompatRadioButton: void setSupportCompoundDrawablesTintList(android.content.res.ColorStateList)
com.fasterxml.jackson.databind.ser.std.MapSerializer: void serializeWithoutTypeInfo(java.util.Map,com.fasterxml.jackson.core.JsonGenerator,com.fasterxml.jackson.databind.SerializerProvider)
androidx.appcompat.widget.AppCompatTextView: android.view.ActionMode$Callback getCustomSelectionActionModeCallback()
com.fasterxml.jackson.databind.deser.std.DateDeserializers$TimestampDeserializer: com.fasterxml.jackson.databind.deser.std.DateDeserializers$TimestampDeserializer withDateFormat(java.text.DateFormat,java.lang.String)
com.fasterxml.jackson.databind.deser.std.ArrayBlockingQueueDeserializer: com.fasterxml.jackson.databind.deser.std.CollectionDeserializer withResolved(com.fasterxml.jackson.databind.JsonDeserializer,com.fasterxml.jackson.databind.JsonDeserializer,com.fasterxml.jackson.databind.jsontype.TypeDeserializer,com.fasterxml.jackson.databind.deser.NullValueProvider,java.lang.Boolean)
com.fasterxml.jackson.databind.deser.BuilderBasedDeserializer: BuilderBasedDeserializer(com.fasterxml.jackson.databind.deser.BeanDeserializerBuilder,com.fasterxml.jackson.databind.BeanDescription,com.fasterxml.jackson.databind.JavaType,com.fasterxml.jackson.databind.deser.impl.BeanPropertyMap,java.util.Map,java.util.Set,boolean,boolean)
androidx.lifecycle.Lifecycle$Event: androidx.lifecycle.Lifecycle$Event[] values()
com.fasterxml.jackson.databind.ser.std.BooleanSerializer$AsNumber: BooleanSerializer$AsNumber(boolean)
com.fasterxml.jackson.databind.deser.std.MapEntryDeserializer: MapEntryDeserializer(com.fasterxml.jackson.databind.deser.std.MapEntryDeserializer,com.fasterxml.jackson.databind.KeyDeserializer,com.fasterxml.jackson.databind.JsonDeserializer,com.fasterxml.jackson.databind.jsontype.TypeDeserializer)
androidx.appcompat.widget.Toolbar: java.lang.CharSequence getTitle()
com.fasterxml.jackson.databind.ser.std.CalendarSerializer: void serialize(java.util.Calendar,com.fasterxml.jackson.core.JsonGenerator,com.fasterxml.jackson.databind.SerializerProvider)
com.google.android.material.chip.Chip: void setChipIconEnabledResource(int)
androidx.core.app.RemoteActionCompat: RemoteActionCompat()
com.fasterxml.jackson.databind.deser.std.PrimitiveArrayDeserializers$FloatDeser: PrimitiveArrayDeserializers$FloatDeser()
com.fasterxml.jackson.databind.ser.impl.StringCollectionSerializer: void serializeContents(java.util.Collection,com.fasterxml.jackson.core.JsonGenerator,com.fasterxml.jackson.databind.SerializerProvider)
com.google.android.material.textfield.TextInputLayout: void setPasswordVisibilityToggleContentDescription(java.lang.CharSequence)
com.google.android.material.chip.Chip: java.lang.CharSequence getCloseIconContentDescription()
com.fasterxml.jackson.databind.deser.std.PrimitiveArrayDeserializers: java.lang.Object handleSingleElementUnwrapped(com.fasterxml.jackson.core.JsonParser,com.fasterxml.jackson.databind.DeserializationContext)
com.fasterxml.jackson.databind.ser.std.SqlTimeSerializer: void serialize(java.lang.Object,com.fasterxml.jackson.core.JsonGenerator,com.fasterxml.jackson.databind.SerializerProvider)
org.chromium.support_lib_boundary.WebViewNavigationBoundaryInterface: boolean didCommitErrorPage()
com.google.android.material.chip.Chip: void setHideMotionSpec(com.google.android.material.animation.MotionSpec)
com.fasterxml.jackson.databind.ser.impl.StringArraySerializer: boolean hasSingleElement(java.lang.Object)
com.fasterxml.jackson.databind.deser.BeanDeserializerBase: java.lang.Throwable throwOrReturnThrowable(java.lang.Throwable,com.fasterxml.jackson.databind.DeserializationContext)
androidx.recyclerview.widget.RecyclerView: androidx.recyclerview.widget.RecyclerView$Adapter getAdapter()
androidx.core.view.WindowInsetsCompat$BuilderImpl: void setSystemGestureInsets(androidx.core.graphics.Insets)