kiwi-desktop/src-tauri/gen/android/app/build/outputs/mapping/universalRelease/usage.txt
com.kiwi.mainboard.BuildConfig:
    public static final java.lang.String APPLICATION_ID
    public static final java.lang.String BUILD_TYPE
    public static final boolean DEBUG
    public static final java.lang.String FLAVOR
    public static final int VERSION_CODE
    public static final java.lang.String VERSION_NAME
    public void <init>()
com.kiwi.mainboard.Ipc:
    public final com.kiwi.mainboard.RustWebViewClient getWebViewClient()
com.kiwi.mainboard.Logger$Companion:
    public final void error(java.lang.String,java.lang.Throwable)
    public final void info(java.lang.String)
    public final void verbose(java.lang.String)
    private final void verbose(java.lang.String,java.lang.String)
com.kiwi.mainboard.Logger:
    private static final java.lang.String LOG_TAG_CORE
    public void <init>()
com.kiwi.mainboard.PermissionHelper:
    public final java.lang.String[] getUndefinedPermissions(android.content.Context,java.lang.String[])
    public final boolean hasDefinedPermissions(android.content.Context,java.lang.String[])
com.kiwi.mainboard.R$color:
    public static final int black
    public static final int purple_200
    public static final int purple_500
    public static final int purple_700
    public static final int teal_200
    public static final int teal_700
    public static final int white
    private void <init>()
com.kiwi.mainboard.R$drawable:
    public static final int ic_launcher_background
    public static final int ic_launcher_foreground
    private void <init>()
com.kiwi.mainboard.R$layout:
    public static final int activity_main
    private void <init>()
com.kiwi.mainboard.R$mipmap:
    public static final int ic_launcher
    public static final int ic_launcher_foreground
    public static final int ic_launcher_round
    private void <init>()
com.kiwi.mainboard.R$string:
    public static final int app_name
    public static final int main_activity_title
    private void <init>()
com.kiwi.mainboard.R$style:
    public static final int Theme_kiwi_desktop
    private void <init>()
com.kiwi.mainboard.R$xml:
    public static final int file_paths
    private void <init>()
com.kiwi.mainboard.R:
    private void <init>()
com.kiwi.mainboard.RustWebView:
    public final void clearAllBrowsingData()
    public final java.lang.String getCookies(java.lang.String)
com.kiwi.mainboard.RustWebViewClient:
    public final void setCurrentUrl(java.lang.String)
com.kiwi.mainboard.TauriActivity:
    public final void setPluginManager(app.tauri.plugin.PluginManager)
com.kiwi.mainboard.Ipc:
    public static final com.kiwi.mainboard.Ipc$Companion Companion
com.kiwi.mainboard.Logger$Companion:
    public static void debug(java.lang.String)
    public static void debug(java.lang.String,java.lang.String)
    public static void error()
    public static void error(java.lang.String,java.lang.String)
    public static void info()
    public static boolean shouldLog()
    public static void warn(java.lang.String)
    public static void warn(java.lang.String,java.lang.String)
com.kiwi.mainboard.Logger:
    public static final com.kiwi.mainboard.Logger$Companion Companion
    static void <clinit>()
com.kiwi.mainboard.PermissionHelper:
    public static final com.kiwi.mainboard.PermissionHelper INSTANCE
    static void <clinit>()
    public static boolean hasDefinedPermission()
com.kiwi.mainboard.RustWebView:
    public static boolean isDocumentStartScriptEnabled()
com.kiwi.mainboard.RustWebViewClient:
    public static final com.kiwi.mainboard.RustWebViewClient$Companion Companion
    public static java.lang.String getCurrentUrl()
com.kiwi.mainboard.TauriActivity:
    public final boolean handleBackNavigation
com.kiwi.mainboard.WryActivity:
    public static final com.kiwi.mainboard.WryActivity$Companion Companion
    public abstract void onWebViewCreate()
...
androidx.core.net.TrafficStatsCompat
androidx.core.net.UriCompat
androidx.core.net.UriKt
androidx.core.os.BuildCompat$Api30Impl
androidx.core.os.BuildCompat$PrereleaseSdkCheck
androidx.core.os.BuildCompat
androidx.core.os.BundleCompat$Api33Impl:
    private void <init>()
androidx.core.os.BundleCompat:
    private void <init>()
    public static android.os.IBinder getBinder(android.os.Bundle,java.lang.String)
    public static android.os.Parcelable[] getParcelableArray(android.os.Bundle,java.lang.String,java.lang.Class)
    public static java.util.ArrayList getParcelableArrayList(android.os.Bundle,java.lang.String,java.lang.Class)
    public static java.io.Serializable getSerializable(android.os.Bundle,java.lang.String,java.lang.Class)
    public static android.util.SparseArray getSparseParcelableArray(android.os.Bundle,java.lang.String,java.lang.Class)
    public static void putBinder(android.os.Bundle,java.lang.String,android.os.IBinder)
androidx.core.os.BundleKt:
    public static final android.os.Bundle bundleOf()
androidx.core.os.CancellationSignal:
    public java.lang.Object getCancellationSignalObject()
    public boolean isCanceled()
    public void throwIfCanceled()
androidx.core.os.ConfigurationCompat$Api24Impl
androidx.core.os.ConfigurationCompat
androidx.core.os.ContinuationOutcomeReceiver
androidx.core.os.EnvironmentCompat$Api21Impl
androidx.core.os.EnvironmentCompat
androidx.core.os.ExecutorCompat$HandlerExecutor
androidx.core.os.ExecutorCompat
androidx.core.os.HandlerCompat$Api28Impl
androidx.core.os.HandlerCompat$Api29Impl
androidx.core.os.HandlerCompat
androidx.core.os.HandlerKt$postAtTime$runnable$1
androidx.core.os.HandlerKt$postDelayed$runnable$1
androidx.core.os.HandlerKt
androidx.core.os.LocaleListCompat$Api21Impl:
    private void <init>()
androidx.core.os.LocaleListCompat$Api24Impl:
    private void <init>()
androidx.core.os.LocaleListCompat:
    public static androidx.core.os.LocaleListCompat getAdjustedDefault()
    public static androidx.core.os.LocaleListCompat getDefault()
    public java.util.Locale getFirstMatch(java.lang.String[])
    public int indexOf(java.util.Locale)
    public static boolean matchesLanguageAndScript(java.util.Locale,java.util.Locale)
    public java.lang.Object unwrap()
    public static androidx.core.os.LocaleListCompat wrap(java.lang.Object)
androidx.core.os.LocaleListCompatWrapper$Api21Impl
androidx.core.os.LocaleListCompatWrapper:
    private java.util.Locale computeFirstMatch(java.util.Collection,boolean)
    private int computeFirstMatchIndex(java.util.Collection,boolean)
    private int findFirstMatchIndex(java.util.Locale)
    public java.util.Locale getFirstMatch(java.lang.String[])
    private static java.lang.String getLikelyScript(java.util.Locale)
    public int indexOf(java.util.Locale)
    private static boolean isPseudoLocale(java.util.Locale)
    private static int matchScore(java.util.Locale,java.util.Locale)
androidx.core.os.LocaleListInterface:
    public abstract java.util.Locale getFirstMatch(java.lang.String[])
    public abstract int indexOf(java.util.Locale)
androidx.core.os.LocaleListPlatformWrapper:
    public java.util.Locale getFirstMatch(java.lang.String[])
    public int indexOf(java.util.Locale)
androidx.core.os.MessageCompat$Api22Impl
androidx.core.os.MessageCompat
androidx.core.os.OperationCanceledException
androidx.core.os.OutcomeReceiverKt
androidx.core.os.ParcelCompat$Api29Impl
androidx.core.os.ParcelCompat$Api30Impl
androidx.core.os.ParcelCompat$Api33Impl
androidx.core.os.ParcelCompat
androidx.core.os.ParcelableCompat$ParcelableCompatCreatorHoneycombMR2
androidx.core.os.ParcelableCompat
androidx.core.os.ParcelableCompatCreatorCallbacks
androidx.core.os.PersistableBundleApi21ImplKt
androidx.core.os.PersistableBundleApi22ImplKt
androidx.core.os.PersistableBundleKt
androidx.core.os.ProcessCompat$Api19Impl
androidx.core.os.ProcessCompat$Api24Impl
androidx.core.os.ProcessCompat
androidx.core.os.TraceCompat$Api29Impl